<?xml version="1.0" encoding="UTF-8"?>
<!-- Generated by org.testng.reporters.JUnitReportReporter -->
<testsuite hostname="GAVLMUMDT-046" failures="0" tests="1" name="Authentication.SendingGetRequestToDistributorDetail" time="2.085" errors="0" timestamp="2025-04-16T15:09:30 IST" skipped="0">
  <testcase classname="Authentication.SendingGetRequestToDistributorDetail" name="GetDistributorDetail" time="2.085"/>
</testsuite> <!-- Authentication.SendingGetRequestToDistributorDetail -->
