<?xml version="1.0" encoding="UTF-8"?>
<!-- Generated by org.testng.reporters.JUnitReportReporter -->
<testsuite hostname="GAVLMUMDT-046" failures="0" tests="1" name="Dashboard.Payment.SendingGetRequestToPaymentList" time="1.839" errors="0" timestamp="2025-04-17T15:04:51 IST" skipped="0">
  <testcase classname="Dashboard.Payment.SendingGetRequestToPaymentList" name="RequestToPaymentList" time="1.839"/>
</testsuite> <!-- Dashboard.Payment.SendingGetRequestToPaymentList -->
