<?xml version="1.0" encoding="UTF-8"?>
<!-- Generated by org.testng.reporters.JUnitReportReporter -->
<testsuite hostname="GAVLMUMDT-046" failures="0" tests="1" name="DashBoard_Download.SendingGetRequestToInvoiceList" time="3.933" errors="0" timestamp="2025-04-23T09:36:29 IST" skipped="0">
  <testcase classname="DashBoard_Download.SendingGetRequestToInvoiceList" name="GetRequestToInvoiceList" time="3.933"/>
</testsuite> <!-- DashBoard_Download.SendingGetRequestToInvoiceList -->
