<?xml version="1.0" encoding="UTF-8"?>
<!-- Generated by org.testng.reporters.JUnitReportReporter -->
<testsuite hostname="GAVLMUMDT-046" failures="0" tests="1" name="ProofOfDelivery.SendingPostRequestToSubmitProofOfDelivery" time="0.007" errors="0" timestamp="2025-04-23T17:05:03 IST" skipped="0">
  <testcase classname="ProofOfDelivery.SendingPostRequestToSubmitProofOfDelivery" name="test" time="0.007"/>
</testsuite> <!-- ProofOfDelivery.SendingPostRequestToSubmitProofOfDelivery -->
