<?xml version="1.0" encoding="UTF-8"?>
<!-- Generated by org.testng.reporters.JUnitReportReporter -->
<testsuite hostname="GAVLMUMDT-046" failures="0" tests="1" name="BalanceConfirmation.SendingGetRequestToEmailList" time="1.928" errors="0" timestamp="2025-04-21T14:46:52 IST" skipped="0">
  <testcase classname="BalanceConfirmation.SendingGetRequestToEmailList" name="GetRequestToEmailList" time="1.928"/>
</testsuite> <!-- BalanceConfirmation.SendingGetRequestToEmailList -->
