<?xml version="1.0" encoding="UTF-8"?>
<!-- Generated by org.testng.reporters.JUnitReportReporter -->
<testsuite hostname="GAVLMUMDT-046" failures="0" tests="1" name="BalanceConfirmation.SendingGetRequestToBalanceConfirmation" time="2.103" errors="0" timestamp="2025-04-21T14:10:53 IST" skipped="0">
  <testcase classname="BalanceConfirmation.SendingGetRequestToBalanceConfirmation" name="GetRequestToBalanceConfirmation" time="2.103"/>
</testsuite> <!-- BalanceConfirmation.SendingGetRequestToBalanceConfirmation -->
