<?xml version="1.0" encoding="UTF-8"?>
<!-- Generated by org.testng.reporters.JUnitReportReporter -->
<testsuite hostname="GAVLMUMDT-046" failures="0" tests="1" name="Authentication.CapturingCookie" time="1.630" errors="0" timestamp="2025-04-23T09:23:04 IST" skipped="0">
  <testcase classname="Authentication.CapturingCookie" name="captureCookie" time="1.630"/>
</testsuite> <!-- Authentication.CapturingCookie -->
