<?xml version="1.0" encoding="UTF-8"?>
<!-- Generated by org.testng.reporters.JUnitReportReporter -->
<testsuite hostname="GAVLMUMDT-046" failures="0" tests="1" name="Home.SendingGetRequestToCustomerCollectionFinanceData" time="2.221" errors="0" timestamp="2025-04-16T15:15:33 IST" skipped="0">
  <testcase classname="Home.SendingGetRequestToCustomerCollectionFinanceData" name="GetRequestToCustomerCollectionFinanceData" time="2.221"/>
</testsuite> <!-- Home.SendingGetRequestToCustomerCollectionFinanceData -->
