<?xml version="1.0" encoding="UTF-8"?>
<!-- Generated by org.testng.reporters.JUnitReportReporter -->
<testsuite hostname="GAVLMUMDT-046" failures="0" tests="1" name="BalanceConfirmation.SendingGetRequestToSubjectListBC" time="1.946" errors="0" timestamp="2025-04-22T14:52:42 IST" skipped="0">
  <testcase classname="BalanceConfirmation.SendingGetRequestToSubjectListBC" name="GetRequestToSubjectListBC" time="1.946"/>
</testsuite> <!-- BalanceConfirmation.SendingGetRequestToSubjectListBC -->
