<?xml version="1.0" encoding="UTF-8"?>
<!-- Generated by org.testng.reporters.JUnitReportReporter -->
<testsuite hostname="GAVLMUMDT-046" failures="0" tests="3" name="BalanceConfirmation.SendingPostRequestToSubmitBalanceConfirmation" time="11.378" errors="0" timestamp="2025-04-23T10:07:18 IST" skipped="0">
  <testcase classname="BalanceConfirmation.SendingPostRequestToSubmitBalanceConfirmation" name="GetRequestToXCsrfToken" time="4.837"/>
  <testcase classname="BalanceConfirmation.SendingPostRequestToSubmitBalanceConfirmation" name="captureBearerToken" time="3.858"/>
  <testcase classname="BalanceConfirmation.SendingPostRequestToSubmitBalanceConfirmation" name="PostRequestToSubmitBalanceConfirmation" time="2.683"/>
</testsuite> <!-- BalanceConfirmation.SendingPostRequestToSubmitBalanceConfirmation -->
