<?xml version="1.0" encoding="UTF-8"?>
<!-- Generated by org.testng.reporters.JUnitReportReporter -->
<testsuite hostname="GAVLMUMDT-046" failures="0" tests="1" name="ProofOfDelivery.SendingGetRequestToProofOfDeliveryAgainstDeliveryNo" time="1.940" errors="0" timestamp="2025-04-23T11:15:10 IST" skipped="0">
  <testcase classname="ProofOfDelivery.SendingGetRequestToProofOfDeliveryAgainstDeliveryNo" name="GetRequestToProofOfDeliveryAgainstDeliveryNo" time="1.940"/>
</testsuite> <!-- ProofOfDelivery.SendingGetRequestToProofOfDeliveryAgainstDeliveryNo -->
