<?xml version="1.0" encoding="UTF-8"?>
<!-- Generated by org.testng.reporters.JUnitReportReporter -->
<testsuite hostname="GAVLMUMDT-046" failures="0" tests="1" name="Dashboard.Order.SendingGetRequestToOrderMaterialList" time="2.297" errors="0" timestamp="2025-04-17T11:26:09 IST" skipped="0">
  <testcase classname="Dashboard.Order.SendingGetRequestToOrderMaterialList" name="requestToOrderMaterialList" time="2.297"/>
</testsuite> <!-- Dashboard.Order.SendingGetRequestToOrderMaterialList -->
