<?xml version="1.0" encoding="UTF-8"?>
<!-- Generated by org.testng.reporters.JUnitReportReporter -->
<testsuite hostname="GAVLMUMDT-046" failures="0" tests="2" name="Authentication.SendingGetLoginCheck_BlockStatus" time="4.543" errors="0" timestamp="2025-04-16T14:43:19 IST" skipped="0">
  <testcase classname="Authentication.SendingGetLoginCheck_BlockStatus" name="LoginCheck_BlockStatus" time="2.104"/>
  <testcase classname="Authentication.SendingGetLoginCheck_BlockStatus" name="captureBearerToken" time="2.439"/>
</testsuite> <!-- Authentication.SendingGetLoginCheck_BlockStatus -->
