<?xml version="1.0" encoding="UTF-8"?>
<!-- Generated by org.testng.reporters.JUnitReportReporter -->
<testsuite hostname="GAVLMUMDT-046" failures="0" tests="1" name="ProofOfDelivery.SendingGetRequestToProofOfDeliveryList" time="6.071" errors="0" timestamp="2025-04-23T09:45:11 IST" skipped="0">
  <testcase classname="ProofOfDelivery.SendingGetRequestToProofOfDeliveryList" name="GetRequestToProofOfDeliveryList" time="6.071"/>
</testsuite> <!-- ProofOfDelivery.SendingGetRequestToProofOfDeliveryList -->
