<?xml version="1.0" encoding="UTF-8"?>
<!-- Generated by org.testng.reporters.JUnitReportReporter -->
<testsuite hostname="GAVLMUMDT-046" failures="0" tests="1" name="Dashboard.Home.SendingGetRequestToOrderListWithStatus" time="3.222" errors="0" timestamp="2025-04-17T11:14:33 IST" skipped="0">
  <testcase classname="Dashboard.Home.SendingGetRequestToOrderListWithStatus" name="requestToOrderListWithStatus" time="3.222"/>
</testsuite> <!-- Dashboard.Home.SendingGetRequestToOrderListWithStatus -->
