<?xml version="1.0" encoding="UTF-8"?>
<!-- Generated by org.testng.reporters.JUnitReportReporter -->
<testsuite hostname="GAVLMUMDT-046" failures="0" tests="2" name="Authentication.SendingRequestToGenerateToken" time="5.718" errors="0" timestamp="2025-04-23T09:34:51 IST" skipped="0">
  <testcase classname="Authentication.SendingRequestToGenerateToken" name="captureBearerToken" time="1.549"/>
  <testcase classname="Authentication.SendingRequestToGenerateToken" name="GetRequestToXCsrfToken" time="4.169"/>
</testsuite> <!-- Authentication.SendingRequestToGenerateToken -->
